This is pdfTeX, Version 3.14159265-2.6-1.40.17 (MiKTeX 2.9.6100 64-bit) (preloaded format=pdflatex 2016.12.10)  26 FEB 2019 20:49
entering extended mode
**./main.tex
(main.tex
LaTeX2e <2016/03/31> patch level 3
Babel <3.9r> and hyphenation patterns for 75 language(s) loaded.
(tesisITAM.cls
Document Class: tesisITAM 2015/04/13 v0.01 Template para tesis ITAM
("C:\Program Files\MiKTeX 2.9\tex\latex\base\report.cls"
Document Class: report 2014/09/29 v1.4h Standard LaTeX document class
("C:\Program Files\MiKTeX 2.9\tex\latex\base\size10.clo"
File: size10.clo 2014/09/29 v1.4h Standard LaTeX file (size option)
)
\c@part=\count79
\c@chapter=\count80
\c@section=\count81
\c@subsection=\count82
\c@subsubsection=\count83
\c@paragraph=\count84
\c@subparagraph=\count85
\c@figure=\count86
\c@table=\count87
\abovecaptionskip=\skip41
\belowcaptionskip=\skip42
\bibindent=\dimen102
)
("C:\Program Files\MiKTeX 2.9\tex\latex\graphics\graphicx.sty"
Package: graphicx 2014/10/28 v1.0g Enhanced LaTeX Graphics (DPC,SPQR)

("C:\Program Files\MiKTeX 2.9\tex\latex\graphics\keyval.sty"
Package: keyval 2014/10/28 v1.15 key=value parser (DPC)
\KV@toks@=\toks14
)
("C:\Program Files\MiKTeX 2.9\tex\latex\graphics\graphics.sty"
Package: graphics 2016/07/10 v1.0t Standard LaTeX Graphics (DPC,SPQR)

("C:\Program Files\MiKTeX 2.9\tex\latex\graphics\trig.sty"
Package: trig 2016/01/03 v1.10 sin cos tan (DPC)
)
("C:\Program Files\MiKTeX 2.9\tex\latex\graphics-cfg\graphics.cfg"
File: graphics.cfg 2016/06/04 v1.11 sample graphics configuration
)
Package graphics Info: Driver file: pdftex.def on input line 99.

("C:\Program Files\MiKTeX 2.9\tex\latex\graphics-def\pdftex.def"
File: pdftex.def 2016/07/10 v0.06j Graphics/color for pdfTeX

("C:\Program Files\MiKTeX 2.9\tex\generic\oberdiek\infwarerr.sty"
Package: infwarerr 2016/05/16 v1.4 Providing info/warning/error messages (HO)
)
("C:\Program Files\MiKTeX 2.9\tex\generic\oberdiek\ltxcmds.sty"
Package: ltxcmds 2016/05/16 v1.23 LaTeX kernel commands for general use (HO)
)
\Gread@gobject=\count88
))
\Gin@req@height=\dimen103
\Gin@req@width=\dimen104
)
("C:\Program Files\MiKTeX 2.9\tex\latex\amsmath\amsopn.sty"
Package: amsopn 2016/03/08 v2.02 operator names

("C:\Program Files\MiKTeX 2.9\tex\latex\amsmath\amsgen.sty"
File: amsgen.sty 1999/11/30 v2.0 generic functions
\@emptytoks=\toks15
\ex@=\dimen105
))
("C:\Program Files\MiKTeX 2.9\tex\latex\fancyhdr\fancyhdr.sty"
Package: fancyhdr 2016/09/06 3.8 Extensive control of page headers and footers
\fancy@headwidth=\skip43
\f@ncyO@elh=\skip44
\f@ncyO@erh=\skip45
\f@ncyO@olh=\skip46
\f@ncyO@orh=\skip47
\f@ncyO@elf=\skip48
\f@ncyO@erf=\skip49
\f@ncyO@olf=\skip50
\f@ncyO@orf=\skip51
)
("C:\Program Files\MiKTeX 2.9\tex\generic\babel\babel.sty"
Package: babel 2016/04/23 3.9r The Babel package

*************************************
* Local config file bblopts.cfg used
*
("C:\Program Files\MiKTeX 2.9\tex\latex\arabi\bblopts.cfg"
File: bblopts.cfg 2005/09/08 v0.1 add Arabic and Farsi to "declared" options of
 babel
)
("C:\Program Files\MiKTeX 2.9\tex\latex\babel-english\english.ldf"
Language: english 2012/08/20 v3.3p English support from the babel system

("C:\Program Files\MiKTeX 2.9\tex\generic\babel\babel.def"
File: babel.def 2016/04/23 3.9r Babel common definitions
\babel@savecnt=\count89
\U@D=\dimen106
)
\l@canadian = a dialect from \language\l@american 
\l@australian = a dialect from \language\l@british 
\l@newzealand = a dialect from \language\l@british 
)
("C:\Program Files\MiKTeX 2.9\tex\latex\babel-spanish\spanish.ldf"
Language: spanish.ldf 2016/03/03 v5.0p Spanish support from the babel system
\es@quottoks=\toks16
\es@quotdepth=\count90
Package babel Info: Making " an active character on input line 561.
Package babel Info: Making < an active character on input line 707.
Package babel Info: Making > an active character on input line 707.
))
(macros.sty
Package: macros 2015/01/01 v1.0 My own macros
)) ("C:\Program Files\MiKTeX 2.9\tex\latex\graphics\color.sty"
Package: color 2016/07/10 v1.1e Standard LaTeX Color (DPC)

("C:\Program Files\MiKTeX 2.9\tex\latex\graphics-cfg\color.cfg"
File: color.cfg 2016/01/02 v1.6 sample color configuration
)
Package color Info: Driver file: pdftex.def on input line 147.
)
("C:\Program Files\MiKTeX 2.9\tex\latex\float\float.sty"
Package: float 2001/11/08 v1.3d Float enhancements (AL)
\c@float@type=\count91
\float@exts=\toks17
\float@box=\box26
\@float@everytoks=\toks18
\@floatcapt=\box27
)
("C:\Program Files\MiKTeX 2.9\tex\latex\framed\framed.sty"
Package: framed 2011/10/22 v 0.96: framed or shaded text with page breaks
\OuterFrameSep=\skip52
\fb@frw=\dimen107
\fb@frh=\dimen108
\FrameRule=\dimen109
\FrameSep=\dimen110
)
("C:\Program Files\MiKTeX 2.9\tex\latex\base\alltt.sty"
Package: alltt 1997/06/16 v2.0g defines alltt environment
)
("C:\Program Files\MiKTeX 2.9\tex\latex\base\inputenc.sty"
Package: inputenc 2015/03/17 v1.2c Input encoding file
\inpenc@prehook=\toks19
\inpenc@posthook=\toks20

("C:\Program Files\MiKTeX 2.9\tex\latex\base\utf8.def"
File: utf8.def 2016/02/28 v1.1s UTF-8 support for inputenc
Now handling font encoding OML ...
... no UTF-8 mapping file for font encoding OML
Now handling font encoding T1 ...
... processing UTF-8 mapping file for font encoding T1

("C:\Program Files\MiKTeX 2.9\tex\latex\base\t1enc.dfu"
File: t1enc.dfu 2016/02/28 v1.1s UTF-8 support for inputenc
   defining Unicode char U+00A0 (decimal 160)
   defining Unicode char U+00A1 (decimal 161)
   defining Unicode char U+00A3 (decimal 163)
   defining Unicode char U+00AB (decimal 171)
   defining Unicode char U+00AD (decimal 173)
   defining Unicode char U+00BB (decimal 187)
   defining Unicode char U+00BF (decimal 191)
   defining Unicode char U+00C0 (decimal 192)
   defining Unicode char U+00C1 (decimal 193)
   defining Unicode char U+00C2 (decimal 194)
   defining Unicode char U+00C3 (decimal 195)
   defining Unicode char U+00C4 (decimal 196)
   defining Unicode char U+00C5 (decimal 197)
   defining Unicode char U+00C6 (decimal 198)
   defining Unicode char U+00C7 (decimal 199)
   defining Unicode char U+00C8 (decimal 200)
   defining Unicode char U+00C9 (decimal 201)
   defining Unicode char U+00CA (decimal 202)
   defining Unicode char U+00CB (decimal 203)
   defining Unicode char U+00CC (decimal 204)
   defining Unicode char U+00CD (decimal 205)
   defining Unicode char U+00CE (decimal 206)
   defining Unicode char U+00CF (decimal 207)
   defining Unicode char U+00D0 (decimal 208)
   defining Unicode char U+00D1 (decimal 209)
   defining Unicode char U+00D2 (decimal 210)
   defining Unicode char U+00D3 (decimal 211)
   defining Unicode char U+00D4 (decimal 212)
   defining Unicode char U+00D5 (decimal 213)
   defining Unicode char U+00D6 (decimal 214)
   defining Unicode char U+00D8 (decimal 216)
   defining Unicode char U+00D9 (decimal 217)
   defining Unicode char U+00DA (decimal 218)
   defining Unicode char U+00DB (decimal 219)
   defining Unicode char U+00DC (decimal 220)
   defining Unicode char U+00DD (decimal 221)
   defining Unicode char U+00DE (decimal 222)
   defining Unicode char U+00DF (decimal 223)
   defining Unicode char U+00E0 (decimal 224)
   defining Unicode char U+00E1 (decimal 225)
   defining Unicode char U+00E2 (decimal 226)
   defining Unicode char U+00E3 (decimal 227)
   defining Unicode char U+00E4 (decimal 228)
   defining Unicode char U+00E5 (decimal 229)
   defining Unicode char U+00E6 (decimal 230)
   defining Unicode char U+00E7 (decimal 231)
   defining Unicode char U+00E8 (decimal 232)
   defining Unicode char U+00E9 (decimal 233)
   defining Unicode char U+00EA (decimal 234)
   defining Unicode char U+00EB (decimal 235)
   defining Unicode char U+00EC (decimal 236)
   defining Unicode char U+00ED (decimal 237)
   defining Unicode char U+00EE (decimal 238)
   defining Unicode char U+00EF (decimal 239)
   defining Unicode char U+00F0 (decimal 240)
   defining Unicode char U+00F1 (decimal 241)
   defining Unicode char U+00F2 (decimal 242)
   defining Unicode char U+00F3 (decimal 243)
   defining Unicode char U+00F4 (decimal 244)
   defining Unicode char U+00F5 (decimal 245)
   defining Unicode char U+00F6 (decimal 246)
   defining Unicode char U+00F8 (decimal 248)
   defining Unicode char U+00F9 (decimal 249)
   defining Unicode char U+00FA (decimal 250)
   defining Unicode char U+00FB (decimal 251)
   defining Unicode char U+00FC (decimal 252)
   defining Unicode char U+00FD (decimal 253)
   defining Unicode char U+00FE (decimal 254)
   defining Unicode char U+00FF (decimal 255)
   defining Unicode char U+0100 (decimal 256)
   defining Unicode char U+0101 (decimal 257)
   defining Unicode char U+0102 (decimal 258)
   defining Unicode char U+0103 (decimal 259)
   defining Unicode char U+0104 (decimal 260)
   defining Unicode char U+0105 (decimal 261)
   defining Unicode char U+0106 (decimal 262)
   defining Unicode char U+0107 (decimal 263)
   defining Unicode char U+0108 (decimal 264)
   defining Unicode char U+0109 (decimal 265)
   defining Unicode char U+010A (decimal 266)
   defining Unicode char U+010B (decimal 267)
   defining Unicode char U+010C (decimal 268)
   defining Unicode char U+010D (decimal 269)
   defining Unicode char U+010E (decimal 270)
   defining Unicode char U+010F (decimal 271)
   defining Unicode char U+0110 (decimal 272)
   defining Unicode char U+0111 (decimal 273)
   defining Unicode char U+0112 (decimal 274)
   defining Unicode char U+0113 (decimal 275)
   defining Unicode char U+0114 (decimal 276)
   defining Unicode char U+0115 (decimal 277)
   defining Unicode char U+0116 (decimal 278)
   defining Unicode char U+0117 (decimal 279)
   defining Unicode char U+0118 (decimal 280)
   defining Unicode char U+0119 (decimal 281)
   defining Unicode char U+011A (decimal 282)
   defining Unicode char U+011B (decimal 283)
   defining Unicode char U+011C (decimal 284)
   defining Unicode char U+011D (decimal 285)
   defining Unicode char U+011E (decimal 286)
   defining Unicode char U+011F (decimal 287)
   defining Unicode char U+0120 (decimal 288)
   defining Unicode char U+0121 (decimal 289)
   defining Unicode char U+0122 (decimal 290)
   defining Unicode char U+0123 (decimal 291)
   defining Unicode char U+0124 (decimal 292)
   defining Unicode char U+0125 (decimal 293)
   defining Unicode char U+0128 (decimal 296)
   defining Unicode char U+0129 (decimal 297)
   defining Unicode char U+012A (decimal 298)
   defining Unicode char U+012B (decimal 299)
   defining Unicode char U+012C (decimal 300)
   defining Unicode char U+012D (decimal 301)
   defining Unicode char U+012E (decimal 302)
   defining Unicode char U+012F (decimal 303)
   defining Unicode char U+0130 (decimal 304)
   defining Unicode char U+0131 (decimal 305)
   defining Unicode char U+0132 (decimal 306)
   defining Unicode char U+0133 (decimal 307)
   defining Unicode char U+0134 (decimal 308)
   defining Unicode char U+0135 (decimal 309)
   defining Unicode char U+0136 (decimal 310)
   defining Unicode char U+0137 (decimal 311)
   defining Unicode char U+0139 (decimal 313)
   defining Unicode char U+013A (decimal 314)
   defining Unicode char U+013B (decimal 315)
   defining Unicode char U+013C (decimal 316)
   defining Unicode char U+013D (decimal 317)
   defining Unicode char U+013E (decimal 318)
   defining Unicode char U+0141 (decimal 321)
   defining Unicode char U+0142 (decimal 322)
   defining Unicode char U+0143 (decimal 323)
   defining Unicode char U+0144 (decimal 324)
   defining Unicode char U+0145 (decimal 325)
   defining Unicode char U+0146 (decimal 326)
   defining Unicode char U+0147 (decimal 327)
   defining Unicode char U+0148 (decimal 328)
   defining Unicode char U+014A (decimal 330)
   defining Unicode char U+014B (decimal 331)
   defining Unicode char U+014C (decimal 332)
   defining Unicode char U+014D (decimal 333)
   defining Unicode char U+014E (decimal 334)
   defining Unicode char U+014F (decimal 335)
   defining Unicode char U+0150 (decimal 336)
   defining Unicode char U+0151 (decimal 337)
   defining Unicode char U+0152 (decimal 338)
   defining Unicode char U+0153 (decimal 339)
   defining Unicode char U+0154 (decimal 340)
   defining Unicode char U+0155 (decimal 341)
   defining Unicode char U+0156 (decimal 342)
   defining Unicode char U+0157 (decimal 343)
   defining Unicode char U+0158 (decimal 344)
   defining Unicode char U+0159 (decimal 345)
   defining Unicode char U+015A (decimal 346)
   defining Unicode char U+015B (decimal 347)
   defining Unicode char U+015C (decimal 348)
   defining Unicode char U+015D (decimal 349)
   defining Unicode char U+015E (decimal 350)
   defining Unicode char U+015F (decimal 351)
   defining Unicode char U+0160 (decimal 352)
   defining Unicode char U+0161 (decimal 353)
   defining Unicode char U+0162 (decimal 354)
   defining Unicode char U+0163 (decimal 355)
   defining Unicode char U+0164 (decimal 356)
   defining Unicode char U+0165 (decimal 357)
   defining Unicode char U+0168 (decimal 360)
   defining Unicode char U+0169 (decimal 361)
   defining Unicode char U+016A (decimal 362)
   defining Unicode char U+016B (decimal 363)
   defining Unicode char U+016C (decimal 364)
   defining Unicode char U+016D (decimal 365)
   defining Unicode char U+016E (decimal 366)
   defining Unicode char U+016F (decimal 367)
   defining Unicode char U+0170 (decimal 368)
   defining Unicode char U+0171 (decimal 369)
   defining Unicode char U+0172 (decimal 370)
   defining Unicode char U+0173 (decimal 371)
   defining Unicode char U+0174 (decimal 372)
   defining Unicode char U+0175 (decimal 373)
   defining Unicode char U+0176 (decimal 374)
   defining Unicode char U+0177 (decimal 375)
   defining Unicode char U+0178 (decimal 376)
   defining Unicode char U+0179 (decimal 377)
   defining Unicode char U+017A (decimal 378)
   defining Unicode char U+017B (decimal 379)
   defining Unicode char U+017C (decimal 380)
   defining Unicode char U+017D (decimal 381)
   defining Unicode char U+017E (decimal 382)
   defining Unicode char U+01CD (decimal 461)
   defining Unicode char U+01CE (decimal 462)
   defining Unicode char U+01CF (decimal 463)
   defining Unicode char U+01D0 (decimal 464)
   defining Unicode char U+01D1 (decimal 465)
   defining Unicode char U+01D2 (decimal 466)
   defining Unicode char U+01D3 (decimal 467)
   defining Unicode char U+01D4 (decimal 468)
   defining Unicode char U+01E2 (decimal 482)
   defining Unicode char U+01E3 (decimal 483)
   defining Unicode char U+01E6 (decimal 486)
   defining Unicode char U+01E7 (decimal 487)
   defining Unicode char U+01E8 (decimal 488)
   defining Unicode char U+01E9 (decimal 489)
   defining Unicode char U+01EA (decimal 490)
   defining Unicode char U+01EB (decimal 491)
   defining Unicode char U+01F0 (decimal 496)
   defining Unicode char U+01F4 (decimal 500)
   defining Unicode char U+01F5 (decimal 501)
   defining Unicode char U+0218 (decimal 536)
   defining Unicode char U+0219 (decimal 537)
   defining Unicode char U+021A (decimal 538)
   defining Unicode char U+021B (decimal 539)
   defining Unicode char U+1E02 (decimal 7682)
   defining Unicode char U+1E03 (decimal 7683)
   defining Unicode char U+200C (decimal 8204)
   defining Unicode char U+2010 (decimal 8208)
   defining Unicode char U+2011 (decimal 8209)
   defining Unicode char U+2012 (decimal 8210)
   defining Unicode char U+2013 (decimal 8211)
   defining Unicode char U+2014 (decimal 8212)
   defining Unicode char U+2015 (decimal 8213)
   defining Unicode char U+2018 (decimal 8216)
   defining Unicode char U+2019 (decimal 8217)
   defining Unicode char U+201A (decimal 8218)
   defining Unicode char U+201C (decimal 8220)
   defining Unicode char U+201D (decimal 8221)
   defining Unicode char U+201E (decimal 8222)
   defining Unicode char U+2030 (decimal 8240)
   defining Unicode char U+2031 (decimal 8241)
   defining Unicode char U+2039 (decimal 8249)
   defining Unicode char U+203A (decimal 8250)
   defining Unicode char U+2423 (decimal 9251)
)
Now handling font encoding OT1 ...
... processing UTF-8 mapping file for font encoding OT1

("C:\Program Files\MiKTeX 2.9\tex\latex\base\ot1enc.dfu"
File: ot1enc.dfu 2016/02/28 v1.1s UTF-8 support for inputenc
   defining Unicode char U+00A0 (decimal 160)
   defining Unicode char U+00A1 (decimal 161)
   defining Unicode char U+00A3 (decimal 163)
   defining Unicode char U+00AD (decimal 173)
   defining Unicode char U+00B8 (decimal 184)
   defining Unicode char U+00BF (decimal 191)
   defining Unicode char U+00C5 (decimal 197)
   defining Unicode char U+00C6 (decimal 198)
   defining Unicode char U+00D8 (decimal 216)
   defining Unicode char U+00DF (decimal 223)
   defining Unicode char U+00E6 (decimal 230)
   defining Unicode char U+00EC (decimal 236)
   defining Unicode char U+00ED (decimal 237)
   defining Unicode char U+00EE (decimal 238)
   defining Unicode char U+00EF (decimal 239)
   defining Unicode char U+00F8 (decimal 248)
   defining Unicode char U+0131 (decimal 305)
   defining Unicode char U+0141 (decimal 321)
   defining Unicode char U+0142 (decimal 322)
   defining Unicode char U+0152 (decimal 338)
   defining Unicode char U+0153 (decimal 339)
   defining Unicode char U+0174 (decimal 372)
   defining Unicode char U+0175 (decimal 373)
   defining Unicode char U+0176 (decimal 374)
   defining Unicode char U+0177 (decimal 375)
   defining Unicode char U+0218 (decimal 536)
   defining Unicode char U+0219 (decimal 537)
   defining Unicode char U+021A (decimal 538)
   defining Unicode char U+021B (decimal 539)
   defining Unicode char U+2013 (decimal 8211)
   defining Unicode char U+2014 (decimal 8212)
   defining Unicode char U+2018 (decimal 8216)
   defining Unicode char U+2019 (decimal 8217)
   defining Unicode char U+201C (decimal 8220)
   defining Unicode char U+201D (decimal 8221)
)
Now handling font encoding OMS ...
... processing UTF-8 mapping file for font encoding OMS

("C:\Program Files\MiKTeX 2.9\tex\latex\base\omsenc.dfu"
File: omsenc.dfu 2016/02/28 v1.1s UTF-8 support for inputenc
   defining Unicode char U+00A7 (decimal 167)
   defining Unicode char U+00B6 (decimal 182)
   defining Unicode char U+00B7 (decimal 183)
   defining Unicode char U+2020 (decimal 8224)
   defining Unicode char U+2021 (decimal 8225)
   defining Unicode char U+2022 (decimal 8226)
)
Now handling font encoding OMX ...
... no UTF-8 mapping file for font encoding OMX
Now handling font encoding U ...
... no UTF-8 mapping file for font encoding U
   defining Unicode char U+00A9 (decimal 169)
   defining Unicode char U+00AA (decimal 170)
   defining Unicode char U+00AE (decimal 174)
   defining Unicode char U+00BA (decimal 186)
   defining Unicode char U+02C6 (decimal 710)
   defining Unicode char U+02DC (decimal 732)
   defining Unicode char U+200C (decimal 8204)
   defining Unicode char U+2026 (decimal 8230)
   defining Unicode char U+2122 (decimal 8482)
   defining Unicode char U+2423 (decimal 9251)
))
("C:\Program Files\MiKTeX 2.9\tex\latex\lm\lmodern.sty"
Package: lmodern 2009/10/30 v1.6 Latin Modern Fonts
LaTeX Font Info:    Overwriting symbol font `operators' in version `normal'
(Font)                  OT1/cmr/m/n --> OT1/lmr/m/n on input line 22.
LaTeX Font Info:    Overwriting symbol font `letters' in version `normal'
(Font)                  OML/cmm/m/it --> OML/lmm/m/it on input line 23.
LaTeX Font Info:    Overwriting symbol font `symbols' in version `normal'
(Font)                  OMS/cmsy/m/n --> OMS/lmsy/m/n on input line 24.
LaTeX Font Info:    Overwriting symbol font `largesymbols' in version `normal'
(Font)                  OMX/cmex/m/n --> OMX/lmex/m/n on input line 25.
LaTeX Font Info:    Overwriting symbol font `operators' in version `bold'
(Font)                  OT1/cmr/bx/n --> OT1/lmr/bx/n on input line 26.
LaTeX Font Info:    Overwriting symbol font `letters' in version `bold'
(Font)                  OML/cmm/b/it --> OML/lmm/b/it on input line 27.
LaTeX Font Info:    Overwriting symbol font `symbols' in version `bold'
(Font)                  OMS/cmsy/b/n --> OMS/lmsy/b/n on input line 28.
LaTeX Font Info:    Overwriting symbol font `largesymbols' in version `bold'
(Font)                  OMX/cmex/m/n --> OMX/lmex/m/n on input line 29.
LaTeX Font Info:    Overwriting math alphabet `\mathbf' in version `normal'
(Font)                  OT1/cmr/bx/n --> OT1/lmr/bx/n on input line 31.
LaTeX Font Info:    Overwriting math alphabet `\mathsf' in version `normal'
(Font)                  OT1/cmss/m/n --> OT1/lmss/m/n on input line 32.
LaTeX Font Info:    Overwriting math alphabet `\mathit' in version `normal'
(Font)                  OT1/cmr/m/it --> OT1/lmr/m/it on input line 33.
LaTeX Font Info:    Overwriting math alphabet `\mathtt' in version `normal'
(Font)                  OT1/cmtt/m/n --> OT1/lmtt/m/n on input line 34.
LaTeX Font Info:    Overwriting math alphabet `\mathbf' in version `bold'
(Font)                  OT1/cmr/bx/n --> OT1/lmr/bx/n on input line 35.
LaTeX Font Info:    Overwriting math alphabet `\mathsf' in version `bold'
(Font)                  OT1/cmss/bx/n --> OT1/lmss/bx/n on input line 36.
LaTeX Font Info:    Overwriting math alphabet `\mathit' in version `bold'
(Font)                  OT1/cmr/bx/it --> OT1/lmr/bx/it on input line 37.
LaTeX Font Info:    Overwriting math alphabet `\mathtt' in version `bold'
(Font)                  OT1/cmtt/m/n --> OT1/lmtt/m/n on input line 38.
)
("C:\Program Files\MiKTeX 2.9\tex\latex\amsmath\amsmath.sty"
Package: amsmath 2016/06/28 v2.15d AMS math features
\@mathmargin=\skip53

For additional information on amsmath, use the `?' option.
("C:\Program Files\MiKTeX 2.9\tex\latex\amsmath\amstext.sty"
Package: amstext 2000/06/29 v2.01 AMS text
)
("C:\Program Files\MiKTeX 2.9\tex\latex\amsmath\amsbsy.sty"
Package: amsbsy 1999/11/29 v1.2d Bold Symbols
\pmbraise@=\dimen111
)
\inf@bad=\count92
LaTeX Info: Redefining \frac on input line 199.
\uproot@=\count93
\leftroot@=\count94
LaTeX Info: Redefining \overline on input line 297.
\classnum@=\count95
\DOTSCASE@=\count96
LaTeX Info: Redefining \ldots on input line 394.
LaTeX Info: Redefining \dots on input line 397.
LaTeX Info: Redefining \cdots on input line 518.
\Mathstrutbox@=\box28
\strutbox@=\box29
\big@size=\dimen112
LaTeX Font Info:    Redeclaring font encoding OML on input line 634.
LaTeX Font Info:    Redeclaring font encoding OMS on input line 635.
\macc@depth=\count97
\c@MaxMatrixCols=\count98
\dotsspace@=\muskip10
\c@parentequation=\count99
\dspbrk@lvl=\count100
\tag@help=\toks21
\row@=\count101
\column@=\count102
\maxfields@=\count103
\andhelp@=\toks22
\eqnshift@=\dimen113
\alignsep@=\dimen114
\tagshift@=\dimen115
\tagwidth@=\dimen116
\totwidth@=\dimen117
\lineht@=\dimen118
\@envbody=\toks23
\multlinegap=\skip54
\multlinetaggap=\skip55
\mathdisplay@stack=\toks24
LaTeX Info: Redefining \[ on input line 2739.
LaTeX Info: Redefining \] on input line 2740.
)
("C:\Program Files\MiKTeX 2.9\tex\latex\enumitem\enumitem.sty"
Package: enumitem 2011/09/28 v3.5.2 Customized lists
\labelindent=\skip56
\enit@outerparindent=\dimen119
\enit@toks=\toks25
\enit@inbox=\box30
\enitdp@description=\count104
)
("C:\Program Files\MiKTeX 2.9\tex\latex\listings\listings.sty"
\lst@mode=\count105
\lst@gtempboxa=\box31
\lst@token=\toks26
\lst@length=\count106
\lst@currlwidth=\dimen120
\lst@column=\count107
\lst@pos=\count108
\lst@lostspace=\dimen121
\lst@width=\dimen122
\lst@newlines=\count109
\lst@lineno=\count110
\lst@maxwidth=\dimen123

("C:\Program Files\MiKTeX 2.9\tex\latex\listings\lstmisc.sty"
File: lstmisc.sty 2015/06/04 1.6 (Carsten Heinz)
\c@lstnumber=\count111
\lst@skipnumbers=\count112
\lst@framebox=\box32
)
("C:\Program Files\MiKTeX 2.9\tex\latex\listings\listings.cfg"
File: listings.cfg 2015/06/04 1.6 listings configuration
))
Package: listings 2015/06/04 1.6 (Carsten Heinz)

("C:\Program Files\MiKTeX 2.9\tex\latex\booktabs\booktabs.sty"
Package: booktabs 2005/04/14 v1.61803 publication quality tables
\heavyrulewidth=\dimen124
\lightrulewidth=\dimen125
\cmidrulewidth=\dimen126
\belowrulesep=\dimen127
\belowbottomsep=\dimen128
\aboverulesep=\dimen129
\abovetopsep=\dimen130
\cmidrulesep=\dimen131
\cmidrulekern=\dimen132
\defaultaddspace=\dimen133
\@cmidla=\count113
\@cmidlb=\count114
\@aboverulesep=\dimen134
\@belowrulesep=\dimen135
\@thisruleclass=\count115
\@lastruleclass=\count116
\@thisrulewidth=\dimen136
)
("C:\Program Files\MiKTeX 2.9\tex\latex\tools\longtable.sty"
Package: longtable 2014/10/28 v4.11 Multi-page Table package (DPC)
\LTleft=\skip57
\LTright=\skip58
\LTpre=\skip59
\LTpost=\skip60
\LTchunksize=\count117
\LTcapwidth=\dimen137
\LT@head=\box33
\LT@firsthead=\box34
\LT@foot=\box35
\LT@lastfoot=\box36
\LT@cols=\count118
\LT@rows=\count119
\c@LT@tables=\count120
\c@LT@chunks=\count121
\LT@p@ftn=\toks27
)
("C:\Program Files\MiKTeX 2.9\tex\latex\tools\array.sty"
Package: array 2014/10/28 v2.4c Tabular extension package (FMi)
\col@sep=\dimen138
\extrarowheight=\dimen139
\NC@list=\toks28
\extratabsurround=\skip61
\backup@length=\skip62
)
("C:\Program Files\MiKTeX 2.9\tex\latex\multirow\multirow.sty"
Package: multirow 2016/10/11 v2.1 Span multiple rows of a table
\multirow@colwidth=\skip63
\multirow@cnta=\count122
\multirow@cntb=\count123
\multirow@dima=\skip64
\bigstrutjot=\dimen140
)
("C:\Program Files\MiKTeX 2.9\tex\latex\xcolor\xcolor.sty"
Package: xcolor 2016/05/11 v2.12 LaTeX color extensions (UK)

("C:\Program Files\MiKTeX 2.9\tex\latex\graphics-cfg\color.cfg"
File: color.cfg 2016/01/02 v1.6 sample color configuration
)
Package xcolor Info: Driver file: pdftex.def on input line 225.

("C:\Program Files\MiKTeX 2.9\tex\latex\colortbl\colortbl.sty"
Package: colortbl 2018/05/02 v1.0c Color table columns (DPC)
\everycr=\toks29
\minrowclearance=\skip65
)
LaTeX Info: Redefining \color on input line 709.
\rownum=\count124
Package xcolor Info: Model `cmy' substituted by `cmy0' on input line 1348.
Package xcolor Info: Model `hsb' substituted by `rgb' on input line 1352.
Package xcolor Info: Model `RGB' extended on input line 1364.
Package xcolor Info: Model `HTML' substituted by `rgb' on input line 1366.
Package xcolor Info: Model `Hsb' substituted by `hsb' on input line 1367.
Package xcolor Info: Model `tHsb' substituted by `hsb' on input line 1368.
Package xcolor Info: Model `HSB' substituted by `hsb' on input line 1369.
Package xcolor Info: Model `Gray' substituted by `gray' on input line 1370.
Package xcolor Info: Model `wave' substituted by `hsb' on input line 1371.
)
("C:\Program Files\MiKTeX 2.9\tex\latex\wrapfig\wrapfig.sty"
\wrapoverhang=\dimen141
\WF@size=\dimen142
\c@WF@wrappedlines=\count125
\WF@box=\box37
\WF@everypar=\toks30
Package: wrapfig 2003/01/31  v 3.6
)
("C:\Program Files\MiKTeX 2.9\tex\latex\oberdiek\pdflscape.sty"
Package: pdflscape 2016/05/14 v0.11 Display of landscape pages in PDF (HO)

("C:\Program Files\MiKTeX 2.9\tex\latex\graphics\lscape.sty"
Package: lscape 2000/10/22 v3.01 Landscape Pages (DPC)
)
("C:\Program Files\MiKTeX 2.9\tex\generic\oberdiek\ifpdf.sty"
Package: ifpdf 2016/05/14 v3.1 Provides the ifpdf switch
)
Package pdflscape Info: Auto-detected driver: pdftex on input line 81.

("C:\Program Files\MiKTeX 2.9\tex\generic\ifxetex\ifxetex.sty"
Package: ifxetex 2010/09/12 v0.6 Provides ifxetex conditional
))
("C:\Program Files\MiKTeX 2.9\tex\latex\tabu\tabu.sty"
Package: tabu 2011/02/26 v2.8 - flexible LaTeX tabulars (FC)

("C:\Program Files\MiKTeX 2.9\tex\latex\ltxmisc\varwidth.sty"
Package: varwidth 2009/03/30 ver 0.92;  Variable-width minipages
\@vwid@box=\box38
\sift@deathcycles=\count126
\@vwid@loff=\dimen143
\@vwid@roff=\dimen144
)
\c@taburow=\count127
\tabu@nbcols=\count128
\tabu@cnt=\count129
\tabu@Xcol=\count130
\tabu@alloc=\count131
\tabu@nested=\count132
\tabu@target=\dimen145
\tabu@spreadtarget=\dimen146
\tabu@naturalX=\dimen147
\tabucolX=\dimen148
\tabu@Xsum=\dimen149
\extrarowdepth=\dimen150
\abovetabulinesep=\dimen151
\belowtabulinesep=\dimen152
\tabustrutrule=\dimen153
\tabu@thebody=\toks31
\tabu@footnotes=\toks32
\tabu@box=\box39
\tabu@arstrutbox=\box40
\tabu@hleads=\box41
\tabu@vleads=\box42
\tabu@cellskip=\skip66
)
("C:\Program Files\MiKTeX 2.9\tex\latex\threeparttable\threeparttable.sty"
Package: threeparttable 2003/06/13  v 3.0
\@tempboxb=\box43
)
("C:\Program Files\MiKTeX 2.9\tex\latex\threeparttablex\threeparttablex.sty"
Package: threeparttablex 2013/07/23 v0.3 by daleif

("C:\Program Files\MiKTeX 2.9\tex\latex\environ\environ.sty"
Package: environ 2014/05/04 v0.3 A new way to define environments

("C:\Program Files\MiKTeX 2.9\tex\latex\trimspaces\trimspaces.sty"
Package: trimspaces 2009/09/17 v1.1 Trim spaces around a token list
))
\TPTL@width=\skip67
)
("C:\Program Files\MiKTeX 2.9\tex\latex\ulem\ulem.sty"
\UL@box=\box44
\UL@hyphenbox=\box45
\UL@skip=\skip68
\UL@hook=\toks33
\UL@height=\dimen154
\UL@pe=\count133
\UL@pixel=\dimen155
\ULC@box=\box46
Package: ulem 2012/05/18
\ULdepth=\dimen156
)
(C:\Users\lucky\AppData\Roaming\MiKTeX\2.9\tex\latex\makecell\makecell.sty
Package: makecell 2009/08/03 V0.1e Managing of Tab Column Heads and Cells
\rotheadsize=\dimen157
\c@nlinenum=\count134
\TeXr@lab=\toks34
)
("C:\Program Files\MiKTeX 2.9\tex\latex\csvsimple\csvsimple.sty"
Package: csvsimple 2016/07/01 version 1.20 LaTeX CSV file processing

("C:\Program Files\MiKTeX 2.9\tex\latex\pgf\utilities\pgfkeys.sty"
("C:\Program Files\MiKTeX 2.9\tex\generic\pgf\utilities\pgfkeys.code.tex"
\pgfkeys@pathtoks=\toks35
\pgfkeys@temptoks=\toks36

("C:\Program Files\MiKTeX 2.9\tex\generic\pgf\utilities\pgfkeysfiltered.code.te
x"
\pgfkeys@tmptoks=\toks37
))) ("C:\Program Files\MiKTeX 2.9\tex\latex\base\ifthen.sty"
Package: ifthen 2014/09/29 v1.1c Standard LaTeX ifthen package (DPC)
)
("C:\Program Files\MiKTeX 2.9\tex\latex\etoolbox\etoolbox.sty"
Package: etoolbox 2017/01/02 v2.4 e-TeX tools for LaTeX (JAW)
\etb@tempcnta=\count135
)
("C:\Program Files\MiKTeX 2.9\tex\latex\tools\shellesc.sty"
Package: shellesc 2016/06/07 v0.02a unified shell escape interface for LaTeX
Package shellesc Info: Unrestricted shell escape enabled on input line 67.
)
\csv@file=\read1
\c@csvinputline=\count136
\c@csvrow=\count137
\c@csvcol=\count138
\csv@out=\write3
)
("C:\Program Files\MiKTeX 2.9\tex\latex\tools\tabularx.sty"
Package: tabularx 2016/02/03 v2.11 `tabularx' package (DPC)
\TX@col@width=\dimen158
\TX@old@table=\dimen159
\TX@old@col=\dimen160
\TX@target=\dimen161
\TX@delta=\dimen162
\TX@cols=\count139
\TX@ftn=\toks38
)
("C:\Program Files\MiKTeX 2.9\tex\latex\amsfonts\amssymb.sty"
Package: amssymb 2013/01/14 v3.01 AMS font symbols

("C:\Program Files\MiKTeX 2.9\tex\latex\amsfonts\amsfonts.sty"
Package: amsfonts 2013/01/14 v3.01 Basic AMSFonts support
\symAMSa=\mathgroup4
\symAMSb=\mathgroup5
LaTeX Font Info:    Overwriting math alphabet `\mathfrak' in version `bold'
(Font)                  U/euf/m/n --> U/euf/b/n on input line 106.
))
("C:\Program Files\MiKTeX 2.9\tex\latex\listings\lstlang1.sty"
File: lstlang1.sty 2015/06/04 1.6 listings language file
)
("C:\Program Files\MiKTeX 2.9\tex\latex\listings\lstlang2.sty"
File: lstlang2.sty 2015/06/04 1.6 listings language file
)
("C:\Program Files\MiKTeX 2.9\tex\latex\listings\lstlang3.sty"
File: lstlang3.sty 2015/06/04 1.6 listings language file
) (main.aux
LaTeX Info: Redefining \. on input line 6.
LaTeX Info: Redefining \% on input line 6.
LaTeX Info: Redefining \. on input line 10.
LaTeX Info: Redefining \% on input line 10.
LaTeX Info: Redefining \. on input line 14.
LaTeX Info: Redefining \% on input line 14.
LaTeX Info: Redefining \. on input line 22.
LaTeX Info: Redefining \% on input line 22.
LaTeX Info: Redefining \. on input line 26.
LaTeX Info: Redefining \% on input line 26.

(Chapters/introduction.aux) (Chapters/marco.aux) (Chapters/metodo.aux)
(Chapters/modelo.aux) (Chapters/resultados.aux) (Chapters/Conclusiones.aux)
(Chapters/AnexoA.aux) (Chapters/AnexoB.aux))
\openout1 = `main.aux'.

LaTeX Font Info:    Checking defaults for OML/cmm/m/it on input line 107.
LaTeX Font Info:    ... okay on input line 107.
LaTeX Font Info:    Checking defaults for T1/cmr/m/n on input line 107.
LaTeX Font Info:    ... okay on input line 107.
LaTeX Font Info:    Checking defaults for OT1/cmr/m/n on input line 107.
LaTeX Font Info:    ... okay on input line 107.
LaTeX Font Info:    Checking defaults for OMS/cmsy/m/n on input line 107.
LaTeX Font Info:    ... okay on input line 107.
LaTeX Font Info:    Checking defaults for OMX/cmex/m/n on input line 107.
LaTeX Font Info:    ... okay on input line 107.
LaTeX Font Info:    Checking defaults for U/cmr/m/n on input line 107.
LaTeX Font Info:    ... okay on input line 107.
LaTeX Font Info:    Try loading font information for OT1+lmr on input line 107.


("C:\Program Files\MiKTeX 2.9\tex\latex\lm\ot1lmr.fd"
File: ot1lmr.fd 2009/10/30 v1.6 Font defs for Latin Modern
)
("C:\Program Files\MiKTeX 2.9\tex\context\base\supp-pdf.mkii"
[Loading MPS to PDF converter (version 2006.09.02).]
\scratchcounter=\count140
\scratchdimen=\dimen163
\scratchbox=\box47
\nofMPsegments=\count141
\nofMParguments=\count142
\everyMPshowfont=\toks39
\MPscratchCnt=\count143
\MPscratchDim=\dimen164
\MPnumerator=\count144
\makeMPintoPDFobject=\count145
\everyMPtoPDFconversion=\toks40
) ("C:\Program Files\MiKTeX 2.9\tex\generic\oberdiek\pdftexcmds.sty"
Package: pdftexcmds 2016/05/21 v0.22 Utility functions of pdfTeX for LuaTeX (HO
)

("C:\Program Files\MiKTeX 2.9\tex\generic\oberdiek\ifluatex.sty"
Package: ifluatex 2016/05/16 v1.4 Provides the ifluatex switch (HO)
Package ifluatex Info: LuaTeX not detected.
)
Package pdftexcmds Info: LuaTeX not detected.
Package pdftexcmds Info: \pdf@primitive is available.
Package pdftexcmds Info: \pdf@ifprimitive is available.
Package pdftexcmds Info: \pdfdraftmode found.
)
("C:\Program Files\MiKTeX 2.9\tex\latex\oberdiek\epstopdf-base.sty"
Package: epstopdf-base 2016/05/15 v2.6 Base part for package epstopdf

("C:\Program Files\MiKTeX 2.9\tex\latex\oberdiek\grfext.sty"
Package: grfext 2016/05/16 v1.2 Manage graphics extensions (HO)

("C:\Program Files\MiKTeX 2.9\tex\generic\oberdiek\kvdefinekeys.sty"
Package: kvdefinekeys 2016/05/16 v1.4 Define keys (HO)
))
("C:\Program Files\MiKTeX 2.9\tex\latex\oberdiek\kvoptions.sty"
Package: kvoptions 2016/05/16 v3.12 Key value format for package options (HO)

("C:\Program Files\MiKTeX 2.9\tex\generic\oberdiek\kvsetkeys.sty"
Package: kvsetkeys 2016/05/16 v1.17 Key value parser (HO)

("C:\Program Files\MiKTeX 2.9\tex\generic\oberdiek\etexcmds.sty"
Package: etexcmds 2016/05/16 v1.6 Avoid name clashes with e-TeX commands (HO)
Package etexcmds Info: Could not find \expanded.
(etexcmds)             That can mean that you are not using pdfTeX 1.50 or
(etexcmds)             that some package has redefined \expanded.
(etexcmds)             In the latter case, load this package earlier.
)))
Package epstopdf-base Info: Redefining graphics rule for `.eps' on input line 4
38.
Package grfext Info: Graphics extension search list:
(grfext)             [.png,.pdf,.jpg,.mps,.jpeg,.jbig2,.jb2,.PNG,.PDF,.JPG,.JPE
G,.JBIG2,.JB2,.eps]
(grfext)             \AppendGraphicsExtensions on input line 456.
)
LaTeX Info: Redefining \. on input line 107.
LaTeX Info: Redefining \% on input line 107.
\c@lstlisting=\count146
Class tesisITAM Info: Loaded portada.tex on input line 110.

(portada.tex
LaTeX Font Info:    Try loading font information for OML+lmm on input line 6.
 ("C:\Program Files\MiKTeX 2.9\tex\latex\lm\omllmm.fd"
File: omllmm.fd 2009/10/30 v1.6 Font defs for Latin Modern
)
LaTeX Font Info:    Try loading font information for OMS+lmsy on input line 6.

("C:\Program Files\MiKTeX 2.9\tex\latex\lm\omslmsy.fd"
File: omslmsy.fd 2009/10/30 v1.6 Font defs for Latin Modern
)
LaTeX Font Info:    Try loading font information for OMX+lmex on input line 6.

("C:\Program Files\MiKTeX 2.9\tex\latex\lm\omxlmex.fd"
File: omxlmex.fd 2009/10/30 v1.6 Font defs for Latin Modern
)
LaTeX Font Info:    External font `lmex10' loaded for size
(Font)              <10> on input line 6.
LaTeX Font Info:    External font `lmex10' loaded for size
(Font)              <7> on input line 6.
LaTeX Font Info:    External font `lmex10' loaded for size
(Font)              <5> on input line 6.
LaTeX Font Info:    Try loading font information for U+msa on input line 6.

("C:\Program Files\MiKTeX 2.9\tex\latex\amsfonts\umsa.fd"
File: umsa.fd 2013/01/14 v3.01 AMS symbols A
)
LaTeX Font Info:    Try loading font information for U+msb on input line 6.

("C:\Program Files\MiKTeX 2.9\tex\latex\amsfonts\umsb.fd"
File: umsb.fd 2013/01/14 v3.01 AMS symbols B
)
<./Figures/LOGO_ITAM.jpg, id=1, 486.1362pt x 155.3805pt>
File: ./Figures/LOGO_ITAM.jpg Graphic file (type jpg)

<use ./Figures/LOGO_ITAM.jpg>
Package pdftex.def Info: ./Figures/LOGO_ITAM.jpg used on input line 11.
(pdftex.def)             Requested size: 284.53317pt x 79.66975pt.
 [1

{C:/Users/lucky/AppData/Local/MiKTeX/2.9/pdftex/config/pdftex.map} <./Figures/L
OGO_ITAM.jpg>])
Class tesisITAM Info: Loaded derechos.tex on input line 111.
 (derechos.tex
Underfull \hbox (badness 10000) in paragraph at lines 3--5

 []

[1

])
LaTeX Info: Redefining \. on input line 117.
LaTeX Info: Redefining \% on input line 117.
LaTeX Info: Redefining \. on input line 117.
LaTeX Info: Redefining \% on input line 117.
 [2

]
LaTeX Info: Redefining \. on input line 121.
LaTeX Info: Redefining \% on input line 121.
 [3

]
LaTeX Info: Redefining \. on input line 126.
LaTeX Info: Redefining \% on input line 126.
 (main.toc
LaTeX Info: Redefining \. on input line 1.
LaTeX Info: Redefining \% on input line 1.
LaTeX Info: Redefining \. on input line 2.
LaTeX Info: Redefining \% on input line 2.
LaTeX Info: Redefining \. on input line 3.
LaTeX Info: Redefining \% on input line 3.
LaTeX Info: Redefining \. on input line 5.
LaTeX Info: Redefining \% on input line 5.
LaTeX Info: Redefining \. on input line 6.
LaTeX Info: Redefining \% on input line 6.
)
\tf@toc=\write4
\openout4 = `main.toc'.

 [1


] (main.lof
LaTeX Info: Redefining \. on input line 1.
LaTeX Info: Redefining \% on input line 1.
LaTeX Info: Redefining \. on input line 2.
LaTeX Info: Redefining \% on input line 2.
LaTeX Info: Redefining \. on input line 3.
LaTeX Info: Redefining \% on input line 3.
LaTeX Info: Redefining \. on input line 5.
LaTeX Info: Redefining \% on input line 5.
LaTeX Info: Redefining \. on input line 6.
LaTeX Info: Redefining \% on input line 6.
 [2

])
\tf@lof=\write5
\openout5 = `main.lof'.

LaTeX Info: Redefining \. on input line 132.
LaTeX Info: Redefining \% on input line 132.


Package Fancyhdr Warning: \headheight is too small (12.0pt): 
 Make it at least 13.28749pt.
 We now make it that large for the rest of the document.
 This may cause the page layout to be inconsistent, however.

[3] (main.lot
LaTeX Info: Redefining \. on input line 1.
LaTeX Info: Redefining \% on input line 1.
LaTeX Info: Redefining \. on input line 2.
LaTeX Info: Redefining \% on input line 2.
LaTeX Info: Redefining \. on input line 3.
LaTeX Info: Redefining \% on input line 3.
LaTeX Info: Redefining \. on input line 5.
LaTeX Info: Redefining \% on input line 5.
LaTeX Info: Redefining \. on input line 6.
LaTeX Info: Redefining \% on input line 6.
)
\tf@lot=\write6
\openout6 = `main.lot'.

 [4

]
\openout2 = `Chapters/introduction.aux'.

 (Chapters/introduction.tex
Cap\'{\i }tulo 1.
[1


]
LaTeX Info: Redefining \. on input line 17.
LaTeX Info: Redefining \% on input line 17.
 [2]
LaTeX Font Info:    Try loading font information for OT1+lmtt on input line 17.

 ("C:\Program Files\MiKTeX 2.9\tex\latex\lm\ot1lmtt.fd"
File: ot1lmtt.fd 2009/10/30 v1.6 Font defs for Latin Modern
)
LaTeX Info: Redefining \. on input line 23.
LaTeX Info: Redefining \% on input line 23.
 [3]
LaTeX Info: Redefining \. on input line 26.
LaTeX Info: Redefining \% on input line 26.
 [4])
LaTeX Info: Redefining \. on input line 142.
LaTeX Info: Redefining \% on input line 142.

[5]
\openout2 = `Chapters/marco.aux'.

 (Chapters/marco.tex
Cap\'{\i }tulo 2.
[6



]
LaTeX Info: Redefining \. on input line 32.
LaTeX Info: Redefining \% on input line 32.
 [7]
LaTeX Info: Redefining \. on input line 47.
LaTeX Info: Redefining \% on input line 47.
 [8]
LaTeX Info: Redefining \. on input line 55.
LaTeX Info: Redefining \% on input line 55.
 [9]
LaTeX Info: Redefining \. on input line 72.
LaTeX Info: Redefining \% on input line 72.
 [10]
LaTeX Info: Redefining \. on input line 92.
LaTeX Info: Redefining \% on input line 92.
 [11]
LaTeX Info: Redefining \. on input line 109.
LaTeX Info: Redefining \% on input line 109.
 [12]
LaTeX Info: Redefining \. on input line 130.
LaTeX Info: Redefining \% on input line 130.
 [13]
<figures/pickupEjemplo.pdf, id=82, 794.97pt x 614.295pt>
File: figures/pickupEjemplo.pdf Graphic file (type pdf)

<use figures/pickupEjemplo.pdf>
Package pdftex.def Info: figures/pickupEjemplo.pdf used on input line 133.
(pdftex.def)             Requested size: 345.00856pt x 227.62303pt.
LaTeX Info: Redefining \. on input line 140.
LaTeX Info: Redefining \% on input line 140.
 [14 <./figures/pickupEjemplo.pdf>]

LaTeX Warning: No positions in optional float specifier.
               Default added (so using `tbp') on input line 155.


Overfull \hbox (19.25401pt too wide) in paragraph at lines 157--164
 [][] 
 []

LaTeX Info: Redefining \. on input line 166.
LaTeX Info: Redefining \% on input line 166.
[15]
LaTeX Info: Redefining \. on input line 179.
LaTeX Info: Redefining \% on input line 179.
 [16]
LaTeX Info: Redefining \. on input line 188.
LaTeX Info: Redefining \% on input line 188.
 [17]
LaTeX Info: Redefining \. on input line 207.
LaTeX Info: Redefining \% on input line 207.
 [18]
<figures/NeuralNetwork.png, id=108, 178.86826pt x 99.7326pt>
File: figures/NeuralNetwork.png Graphic file (type png)

<use figures/NeuralNetwork.png>
Package pdftex.def Info: figures/NeuralNetwork.png used on input line 210.
(pdftex.def)             Requested size: 284.56564pt x 227.6529pt.
LaTeX Info: Redefining \. on input line 217.
LaTeX Info: Redefining \% on input line 217.
 [19 <./figures/NeuralNetwork.png>]
LaTeX Info: Redefining \. on input line 232.
LaTeX Info: Redefining \% on input line 232.
 [20]
LaTeX Info: Redefining \. on input line 245.
LaTeX Info: Redefining \% on input line 245.

[21]
Overfull \hbox (12.15083pt too wide) in paragraph at lines 248--249
[]\OT1/lmr/m/n/10 Los mo-de-los \OT1/lmr/m/it/10 ARI-MA (au-to-re-gre-si-ve in-
te-gra-ted mo-ving ave-ra-ge)\OT1/lmr/m/n/10 son mo-de-los dinami-
 []

LaTeX Info: Redefining \. on input line 259.
LaTeX Info: Redefining \% on input line 259.
[22]
LaTeX Info: Redefining \. on input line 275.
LaTeX Info: Redefining \% on input line 275.
 [23]
LaTeX Info: Redefining \. on input line 287.
LaTeX Info: Redefining \% on input line 287.
 [24]
Overfull \hbox (3.51982pt too wide) in paragraph at lines 291--292
[]\OT1/lmr/m/n/10 Para em-pe-zar con la es-ti-ma-cion del mo-de-lo se uti-li-z
a el al-go-rim-to EM \OT1/lmr/m/it/10 expectation-
 []

LaTeX Info: Redefining \. on input line 306.
LaTeX Info: Redefining \% on input line 306.
[25]
LaTeX Info: Redefining \. on input line 324.
LaTeX Info: Redefining \% on input line 324.
 [26]
LaTeX Info: Redefining \. on input line 339.
LaTeX Info: Redefining \% on input line 339.
 [27] <figures/Time_Mult.png, id=139, 499.11469pt x 231.11343pt>
File: figures/Time_Mult.png Graphic file (type png)

<use figures/Time_Mult.png>
Package pdftex.def Info: figures/Time_Mult.png used on input line 350.
(pdftex.def)             Requested size: 345.00638pt x 227.62515pt.
LaTeX Info: Redefining \. on input line 353.
LaTeX Info: Redefining \% on input line 353.
 [28]
<figures/Cap_Mult.png, id=144, 468.24937pt x 220.57407pt>
File: figures/Cap_Mult.png Graphic file (type png)

<use figures/Cap_Mult.png>
Package pdftex.def Info: figures/Cap_Mult.png used on input line 360.
(pdftex.def)             Requested size: 345.02011pt x 227.63135pt.
LaTeX Info: Redefining \. on input line 363.
LaTeX Info: Redefining \% on input line 363.
 [29 <./figures/Time_Mult.png>]
<figures/Los_Mult.png, id=150, 453.94594pt x 206.27063pt>
File: figures/Los_Mult.png Graphic file (type png)

<use figures/Los_Mult.png>
Package pdftex.def Info: figures/Los_Mult.png used on input line 370.
(pdftex.def)             Requested size: 345.00249pt x 227.62543pt.
LaTeX Info: Redefining \. on input line 373.
LaTeX Info: Redefining \% on input line 373.
 [30 <./figures/Cap_Mult.png>]
<figures/Group_Mult.png, id=155, 476.53032pt x 207.77625pt>
File: figures/Group_Mult.png Graphic file (type png)

<use figures/Group_Mult.png>
Package pdftex.def Info: figures/Group_Mult.png used on input line 380.
(pdftex.def)             Requested size: 345.01392pt x 227.63197pt.
LaTeX Info: Redefining \. on input line 383.
LaTeX Info: Redefining \% on input line 383.
 [31 <./figures/Los_Mult.png>]
LaTeX Info: Redefining \. on input line 392.
LaTeX Info: Redefining \% on input line 392.
 [32 <./figures/Group_Mult.png>]
LaTeX Info: Redefining \. on input line 409.
LaTeX Info: Redefining \% on input line 409.
 [33]
LaTeX Info: Redefining \. on input line 427.
LaTeX Info: Redefining \% on input line 427.
 [34]
LaTeX Info: Redefining \. on input line 458.
LaTeX Info: Redefining \% on input line 458.
 [35]
<./Figures/Figure1.PNG, id=174, 371.88937pt x 141.52875pt>
File: ./Figures/Figure1.PNG Graphic file (type png)

<use ./Figures/Figure1.PNG>
Package pdftex.def Info: ./Figures/Figure1.PNG used on input line 480.
(pdftex.def)             Requested size: 371.88846pt x 141.5284pt.

Overfull \hbox (26.88846pt too wide) in paragraph at lines 480--481
[][] 
 []

LaTeX Info: Redefining \. on input line 491.
LaTeX Info: Redefining \% on input line 491.
[36]
LaTeX Info: Redefining \. on input line 504.
LaTeX Info: Redefining \% on input line 504.
 [37 <./Figures/Figure1.PNG>]
LaTeX Info: Redefining \. on input line 521.
LaTeX Info: Redefining \% on input line 521.
 [38])
LaTeX Info: Redefining \. on input line 144.
LaTeX Info: Redefining \% on input line 144.
 [39]
\openout2 = `Chapters/metodo.aux'.

 (Chapters/metodo.tex
Cap\'{\i }tulo 3.
[40



]
LaTeX Info: Redefining \. on input line 25.
LaTeX Info: Redefining \% on input line 25.
 [41])
LaTeX Info: Redefining \. on input line 146.
LaTeX Info: Redefining \% on input line 146.
 [42]
\openout2 = `Chapters/modelo.aux'.

 (Chapters/modelo.tex
Cap\'{\i }tulo 4.
[43



]
LaTeX Info: Redefining \. on input line 58.
LaTeX Info: Redefining \% on input line 58.
 [44]

Package xcolor Warning: Incompatible color definition on input line 62.


Overfull \hbox (20.0058pt too wide) in paragraph at lines 65--84
 [][] 
 []

LaTeX Info: Redefining \. on input line 90.
LaTeX Info: Redefining \% on input line 90.
[45] <figures/pickupzoom-1.pdf, id=207, 794.97pt x 614.295pt>
File: figures/pickupzoom-1.pdf Graphic file (type pdf)

<use figures/pickupzoom-1.pdf>
Package pdftex.def Info: figures/pickupzoom-1.pdf used on input line 97.
(pdftex.def)             Requested size: 345.00856pt x 284.52878pt.
LaTeX Info: Redefining \. on input line 102.
LaTeX Info: Redefining \% on input line 102.
 [46 <./figures/pickupzoom-1.pdf>]
<figures/HabitacionesOcupadas-1.pdf, id=217, 794.97pt x 614.295pt>
File: figures/HabitacionesOcupadas-1.pdf Graphic file (type pdf)

<use figures/HabitacionesOcupadas-1.pdf>
Package pdftex.def Info: figures/HabitacionesOcupadas-1.pdf used on input line 
115.
(pdftex.def)             Requested size: 345.00856pt x 284.52878pt.
LaTeX Info: Redefining \. on input line 118.
LaTeX Info: Redefining \% on input line 118.
 [47]
<Figures/Ocupacion_Dia_Semana-1.pdf, id=222, 794.97pt x 614.295pt>
File: Figures/Ocupacion_Dia_Semana-1.pdf Graphic file (type pdf)

<use Figures/Ocupacion_Dia_Semana-1.pdf>
Package pdftex.def Info: Figures/Ocupacion_Dia_Semana-1.pdf used on input line 
126.
(pdftex.def)             Requested size: 345.00856pt x 284.52878pt.
LaTeX Info: Redefining \. on input line 129.
LaTeX Info: Redefining \% on input line 129.
 [48 <./figures/HabitacionesOcupadas-1.pdf>] <figures/IndicadoresTarifaPromedio
-1.pdf, id=232, 794.97pt x 614.295pt>
File: figures/IndicadoresTarifaPromedio-1.pdf Graphic file (type pdf)

<use figures/IndicadoresTarifaPromedio-1.pdf>
Package pdftex.def Info: figures/IndicadoresTarifaPromedio-1.pdf used on input 
line 140.
(pdftex.def)             Requested size: 345.00856pt x 284.52878pt.
LaTeX Info: Redefining \. on input line 143.
LaTeX Info: Redefining \% on input line 143.
 [49 <./Figures/Ocupacion_Dia_Semana-1.pdf>]
LaTeX Info: Redefining \. on input line 150.
LaTeX Info: Redefining \% on input line 150.
 [50 <./figures/IndicadoresTarifaPromedio-1.pdf>]
<figures/PreciosGraf-1.pdf, id=251, 794.97pt x 614.295pt>
File: figures/PreciosGraf-1.pdf Graphic file (type pdf)

<use figures/PreciosGraf-1.pdf>
Package pdftex.def Info: figures/PreciosGraf-1.pdf used on input line 159.
(pdftex.def)             Requested size: 345.00856pt x 227.62303pt.

<figures/PreciosBoxPlot-1.pdf, id=252, 794.97pt x 614.295pt>
File: figures/PreciosBoxPlot-1.pdf Graphic file (type pdf)

<use figures/PreciosBoxPlot-1.pdf>
Package pdftex.def Info: figures/PreciosBoxPlot-1.pdf used on input line 168.
(pdftex.def)             Requested size: 345.00856pt x 227.62303pt.
LaTeX Info: Redefining \. on input line 170.
LaTeX Info: Redefining \% on input line 170.
 [51 <./figures/PreciosGraf-1.pdf>]
LaTeX Info: Redefining \. on input line 182.
LaTeX Info: Redefining \% on input line 182.
 [52 <./figures/PreciosBoxPlot-1.pdf>]
LaTeX Info: Redefining \. on input line 217.
LaTeX Info: Redefining \% on input line 217.
 [53]
LaTeX Info: Redefining \. on input line 251.
LaTeX Info: Redefining \% on input line 251.
 [54]
<Figures/buckets.png, id=278, 664.4825pt x 357.335pt>
File: Figures/buckets.png Graphic file (type png)

<use Figures/buckets.png>
Package pdftex.def Info: Figures/buckets.png used on input line 257.
(pdftex.def)             Requested size: 345.0pt x 185.53174pt.
LaTeX Info: Redefining \. on input line 268.
LaTeX Info: Redefining \% on input line 268.
 [55 <./Figures/buckets.png>]
LaTeX Info: Redefining \. on input line 287.
LaTeX Info: Redefining \% on input line 287.
 [56]
LaTeX Info: Redefining \. on input line 304.
LaTeX Info: Redefining \% on input line 304.
 [57]
Underfull \hbox (badness 10000) in paragraph at lines 305--308

 []


Underfull \hbox (badness 10000) in paragraph at lines 305--308

 []

LaTeX Info: Redefining \. on input line 316.
LaTeX Info: Redefining \% on input line 316.
[58])
LaTeX Info: Redefining \. on input line 148.
LaTeX Info: Redefining \% on input line 148.
 [59]
\openout2 = `Chapters/resultados.aux'.

 (Chapters/resultados.tex
Cap\'{\i }tulo 5.
[60



]
Overfull \hbox (1.78392pt too wide) in paragraph at lines 31--31
[]\OT1/lmr/m/n/10 Para po-der re-cons-trur la cur-va de \OT1/lmr/m/it/10 pic-
kup \OT1/lmr/m/n/10 pro-nos-ti-ca-da se de-be to-mar los parame-
 []

LaTeX Info: Redefining \. on input line 42.
LaTeX Info: Redefining \% on input line 42.
[61]
LaTeX Info: Redefining \. on input line 81.
LaTeX Info: Redefining \% on input line 81.
 [62]
LaTeX Info: Redefining \. on input line 84.
LaTeX Info: Redefining \% on input line 84.
 [63] <figures/Resultados-1.pdf, id=308, 794.97pt x 614.295pt>
File: figures/Resultados-1.pdf Graphic file (type pdf)

<use figures/Resultados-1.pdf>
Package pdftex.def Info: figures/Resultados-1.pdf used on input line 88.
(pdftex.def)             Requested size: 345.00856pt x 284.52878pt.

<figures/Resultados-2.pdf, id=309, 794.97pt x 614.295pt>
File: figures/Resultados-2.pdf Graphic file (type pdf)

<use figures/Resultados-2.pdf>
Package pdftex.def Info: figures/Resultados-2.pdf used on input line 94.
(pdftex.def)             Requested size: 345.00856pt x 227.62303pt.
LaTeX Info: Redefining \. on input line 97.
LaTeX Info: Redefining \% on input line 97.
 [64 <./figures/Resultados-1.pdf>]
<figures/Resultados-3.pdf, id=319, 794.97pt x 614.295pt>
File: figures/Resultados-3.pdf Graphic file (type pdf)

<use figures/Resultados-3.pdf>
Package pdftex.def Info: figures/Resultados-3.pdf used on input line 100.
(pdftex.def)             Requested size: 345.00856pt x 227.62303pt.

<figures/Resultados-4.pdf, id=320, 794.97pt x 614.295pt>
File: figures/Resultados-4.pdf Graphic file (type pdf)

<use figures/Resultados-4.pdf>
Package pdftex.def Info: figures/Resultados-4.pdf used on input line 106.
(pdftex.def)             Requested size: 345.00856pt x 284.52878pt.
LaTeX Info: Redefining \. on input line 109.
LaTeX Info: Redefining \% on input line 109.
 [65 <./figures/Resultados-2.pdf> <./figures/Resultados-3.pdf>]
LaTeX Info: Redefining \. on input line 120.
LaTeX Info: Redefining \% on input line 120.
 [66 <./figures/Resultados-4.pdf>]
Overfull \hbox (3.69286pt too wide) in paragraph at lines 129--130
[]\OT1/lmr/m/n/10 El mo-de-lo de re-co-men-da-cio-nes de pre-cio to-ma co-mo en
-tra-da la de-man-da pronosti-
 []

LaTeX Info: Redefining \. on input line 140.
LaTeX Info: Redefining \% on input line 140.
[67] <figures/Pricing_graph-1.pdf, id=349, 794.97pt x 614.295pt>
File: figures/Pricing_graph-1.pdf Graphic file (type pdf)

<use figures/Pricing_graph-1.pdf>
Package pdftex.def Info: figures/Pricing_graph-1.pdf used on input line 144.
(pdftex.def)             Requested size: 345.0pt x 266.59752pt.

<figures/Pricing-1.pdf, id=350, 794.97pt x 614.295pt>
File: figures/Pricing-1.pdf Graphic file (type pdf)

<use figures/Pricing-1.pdf>
Package pdftex.def Info: figures/Pricing-1.pdf used on input line 148.
(pdftex.def)             Requested size: 345.0pt x 266.59752pt.
LaTeX Info: Redefining \. on input line 150.
LaTeX Info: Redefining \% on input line 150.
 [68 <./figures/Pricing_graph-1.pdf>])
LaTeX Info: Redefining \. on input line 150.
LaTeX Info: Redefining \% on input line 150.
 [69 <./figures/Pricing-1.pdf>]
\openout2 = `Chapters/Conclusiones.aux'.

 (Chapters/Conclusiones.tex
Cap\'{\i }tulo 6.
) [70



]
\openout2 = `Chapters/AnexoA.aux'.

 (Chapters/AnexoA.tex
Cap\'{\i }tulo 7.
[71



]
Overfull \hbox (1.499pt too wide) in paragraph at lines 139--139
[]  \OT1/lmtt/m/n/10 yresp <- data.frame(hotel=rep(h,ndia),dia,beta0,beta1,vari
acion)[] 
 []

LaTeX Info: Redefining \. on input line 139.
LaTeX Info: Redefining \% on input line 139.

Package Fancyhdr Warning: \headheight is too small (13.28749pt): 
 Make it at least 23.27768pt.
 We now make it that large for the rest of the document.
 This may cause the page layout to be inconsistent, however.

[72]
LaTeX Info: Redefining \. on input line 139.
LaTeX Info: Redefining \% on input line 139.
 [73]
Overfull \hbox (1.499pt too wide) in paragraph at lines 139--139
[]                             \OT1/lmtt/m/n/10 <=as.numeric(as.Date("2018-08-1
1")) &[] 
 []


Overfull \hbox (1.499pt too wide) in paragraph at lines 139--139
[]                               \OT1/lmtt/m/n/10 as.numeric(series2018al11ago$
dia)>=[] 
 []

LaTeX Info: Redefining \. on input line 139.
LaTeX Info: Redefining \% on input line 139.
[74]
Overfull \hbox (6.74898pt too wide) in paragraph at lines 139--139
[]                                \OT1/lmtt/m/n/10 as.numeric(as.Date("2018-04-
04")) &[] 
 []


Overfull \hbox (1.499pt too wide) in paragraph at lines 139--139
[]                                \OT1/lmtt/m/n/10 as.numeric(as.Date("2018-03-
27")),[] 
 []

)
LaTeX Info: Redefining \. on input line 154.
LaTeX Info: Redefining \% on input line 154.
 [75]
\openout2 = `Chapters/AnexoB.aux'.

 (Chapters/AnexoB.tex
Cap\'{\i }tulo 8.
[76



]
Overfull \hbox (53.99884pt too wide) in paragraph at lines 220--220
[]\OT1/lmtt/m/n/10 # Cargamos los resultados de la regresion poisson para prono
sticar ocupacion[] 
 []


Overfull \hbox (22.49893pt too wide) in paragraph at lines 220--220
[]\OT1/lmtt/m/n/10 nb_days = (pd.to_datetime(date_end) - pd.to_datetime(date_st
art)).days[] 
 []


Overfull \hbox (11.99896pt too wide) in paragraph at lines 220--220
[]                               \OT1/lmtt/m/n/10 index=pd.date_range(start=dat
e_start,[] 
 []


Overfull \hbox (69.7488pt too wide) in paragraph at lines 220--220
[]                                                   \OT1/lmtt/m/n/10 end=date_
end,closed='left'),[] 
 []


Overfull \hbox (122.24864pt too wide) in paragraph at lines 220--220
[]\OT1/lmtt/m/n/10 def demand_price_elasticity(price, nominal_demand, elasticit
y=-2.0, nominal_price=120.0):[] 
 []


Overfull \hbox (122.24864pt too wide) in paragraph at lines 220--220
[]    \OT1/lmtt/m/n/10 """Returns demand given a value for the elasticity, nomi
nal demand and nominal price.[] 
 []


Overfull \hbox (106.49869pt too wide) in paragraph at lines 220--220
[]        \OT1/lmtt/m/n/10 one-dimensional price array. The length of that arra
y should correspond to the[] 
 []

LaTeX Info: Redefining \. on input line 220.
LaTeX Info: Redefining \% on input line 220.
[77]
Overfull \hbox (90.74873pt too wide) in paragraph at lines 220--220
[]        \OT1/lmtt/m/n/10 one-dimensional forecasted occupancy array. The leng
th of that array should[] 
 []


Overfull \hbox (116.99866pt too wide) in paragraph at lines 220--220
[]        \OT1/lmtt/m/n/10 value of the elasticity between price and demand. A 
value of e=-2 is reasonable.[] 
 []


Overfull \hbox (17.24895pt too wide) in paragraph at lines 220--220
[]    \OT1/lmtt/m/n/10 return nominal_demand * ( price / nominal_price ) ** (el
asticity)[] 
 []


Overfull \hbox (101.2487pt too wide) in paragraph at lines 220--220
[]    \OT1/lmtt/m/n/10 Definition of the objective function. This is the functi
on that want to minimize.[] 
 []


Overfull \hbox (106.49869pt too wide) in paragraph at lines 220--220
[]        \OT1/lmtt/m/n/10 one-dimensional price array. The length of that arra
y should correspond to the[] 
 []

LaTeX Info: Redefining \. on input line 220.
LaTeX Info: Redefining \% on input line 220.
[78]
Overfull \hbox (90.74873pt too wide) in paragraph at lines 220--220
[]        \OT1/lmtt/m/n/10 one-dimensional forecasted occupancy array. The leng
th of that array should[] 
 []


Overfull \hbox (53.99884pt too wide) in paragraph at lines 220--220
[]        \OT1/lmtt/m/n/10 value of the elasticity between price and demand. A 
value of e=-2 is[] 
 []


Overfull \hbox (74.99878pt too wide) in paragraph at lines 220--220
[]    \OT1/lmtt/m/n/10 Note: here we're trying to minimize the objective functi
on. That's where the[] 
 []


Overfull \hbox (137.9986pt too wide) in paragraph at lines 220--220
[]    \OT1/lmtt/m/n/10 return (-1.0 * np.sum( p_t * demand_price_elasticity(p_t
, nominal_demand=nominal_demand,[] 
 []


Overfull \hbox (64.49881pt too wide) in paragraph at lines 220--220
[]                                                        \OT1/lmtt/m/n/10 elas
ticity=elasticity,[] 
 []


Overfull \hbox (143.24858pt too wide) in paragraph at lines 220--220
[]                                                        \OT1/lmtt/m/n/10 nomi
nal_price=nominal_price) )) / 100[] 
 []

LaTeX Info: Redefining \. on input line 220.
LaTeX Info: Redefining \% on input line 220.
[79]
Overfull \hbox (95.99872pt too wide) in paragraph at lines 220--220
[]    \OT1/lmtt/m/n/10 return capacity - demand_price_elasticity(p_t, nominal_d
emand=forecasted_demand,[] 
 []


Overfull \hbox (64.49881pt too wide) in paragraph at lines 220--220
[]                                                        \OT1/lmtt/m/n/10 elas
ticity=elasticity,[] 
 []


Overfull \hbox (95.99872pt too wide) in paragraph at lines 220--220
[]                                                        \OT1/lmtt/m/n/10 nomi
nal_price=nominal_price)[] 
 []


Overfull \hbox (17.24895pt too wide) in paragraph at lines 220--220
[]\OT1/lmtt/m/n/10 # Let's run the optimization algorithm over four overlapping
 segments[] 
 []

LaTeX Info: Redefining \. on input line 220.
LaTeX Info: Redefining \% on input line 220.
[80]
Overfull \hbox (27.74892pt too wide) in paragraph at lines 220--220
[]\OT1/lmtt/m/n/10 # We look at four capacity segments: 20, 40, 60, and 80 (ful
l capacity)[] 
 []


Overfull \hbox (32.9989pt too wide) in paragraph at lines 220--220
[]    \OT1/lmtt/m/n/10 constraints = ({'type': 'ineq', 'fun':  lambda x:  const
raint_1(x)},[] 
 []


Overfull \hbox (11.99896pt too wide) in paragraph at lines 220--220
[]               \OT1/lmtt/m/n/10 {'type': 'ineq', 'fun':  lambda x, capacity=c
apacity,[] 
 []


Overfull \hbox (53.99884pt too wide) in paragraph at lines 220--220
[]                                           \OT1/lmtt/m/n/10 forecasted_demand
=nominal_demand,[] 
 []


Overfull \hbox (206.2484pt too wide) in paragraph at lines 220--220
[]                                           \OT1/lmtt/m/n/10 nominal_price=nom
inal_price: constraint_2(x,capacity=capacity,[] 
 []


Overfull \hbox (274.4982pt too wide) in paragraph at lines 220--220
[]                                                                             
        \OT1/lmtt/m/n/10 forecasted_demand=nominal_demand,[] 
 []


Overfull \hbox (216.74837pt too wide) in paragraph at lines 220--220
[]                                                                             
        \OT1/lmtt/m/n/10 elasticity=elasticity,[] 
 []


Overfull \hbox (258.74825pt too wide) in paragraph at lines 220--220
[]                                                                             
        \OT1/lmtt/m/n/10 nominal_price=nominal_price)})[] 
 []


Overfull \hbox (59.24883pt too wide) in paragraph at lines 220--220
[]    \OT1/lmtt/m/n/10 opt_results = optimize.minimize(objective, p_start, args
=(nominal_demand,[] 
 []

LaTeX Info: Redefining \. on input line 220.
LaTeX Info: Redefining \% on input line 220.
[81]
Overfull \hbox (38.24889pt too wide) in paragraph at lines 220--220
[]                                                              \OT1/lmtt/m/n/1
0 elasticity,[] 
 []


Overfull \hbox (59.24883pt too wide) in paragraph at lines 220--220
[]                                                              \OT1/lmtt/m/n/1
0 nominal_price),[] 
 []


Overfull \hbox (1.499pt too wide) in paragraph at lines 220--220
[]                                    \OT1/lmtt/m/n/10 method='SLSQP', bounds=b
ounds,[] 
 []


Overfull \hbox (6.74898pt too wide) in paragraph at lines 220--220
[]\OT1/lmtt/m/n/10 time_array = np.linspace(1,len(nominal_demand),len(nominal_d
emand))[] 
 []


Overfull \hbox (43.49887pt too wide) in paragraph at lines 220--220
[]                         \OT1/lmtt/m/n/10 pd.DataFrame(optimization_results[c
apacity]['x'],[] 
 []


Overfull \hbox (22.49893pt too wide) in paragraph at lines 220--220
[]                                      \OT1/lmtt/m/n/10 columns=['{}'.format(c
apacity)],[] 
 []


Overfull \hbox (74.99878pt too wide) in paragraph at lines 220--220
[]\OT1/lmtt/m/n/10 datelist = pd.date_range(start=date_start, end=date_end, clo
sed='left').tolist()[] 
 []

)
LaTeX Info: Redefining \. on input line 156.
LaTeX Info: Redefining \% on input line 156.
 [82] (main.bbl [83



])
LaTeX Info: Redefining \. on input line 188.
LaTeX Info: Redefining \% on input line 188.
 [84] (main.aux
LaTeX Info: Redefining \. on input line 6.
LaTeX Info: Redefining \% on input line 6.
LaTeX Info: Redefining \. on input line 10.
LaTeX Info: Redefining \% on input line 10.
LaTeX Info: Redefining \. on input line 14.
LaTeX Info: Redefining \% on input line 14.
LaTeX Info: Redefining \. on input line 22.
LaTeX Info: Redefining \% on input line 22.
LaTeX Info: Redefining \. on input line 26.
LaTeX Info: Redefining \% on input line 26.
 (Chapters/introduction.aux)
(Chapters/marco.aux) (Chapters/metodo.aux) (Chapters/modelo.aux)
(Chapters/resultados.aux) (Chapters/Conclusiones.aux) (Chapters/AnexoA.aux)
(Chapters/AnexoB.aux)) )
(\end occurred inside a group at level 5)

### simple group (level 5) entered at line 485 ({)
### simple group (level 4) entered at line 485 ({)
### simple group (level 3) entered at line 364 ({)
### simple group (level 2) entered at line 346 ({)
### simple group (level 1) entered at line 60 ({)
### bottom level 
Here is how much of TeX's memory you used:
 9119 strings out of 493333
 135234 string characters out of 3139193
 253079 words of memory out of 3000000
 12309 multiletter control sequences out of 15000+200000
 61018 words of font info for 46 fonts, out of 3000000 for 9000
 1141 hyphenation exceptions out of 8191
 41i,17n,47p,1297b,654s stack positions out of 5000i,500n,10000p,200000b,50000s
{C:/Program Files/MiKTeX 2.9/fonts/enc/dvips/lm/lm-rm.enc}{C:/P
rogram Files/MiKTeX 2.9/fonts/enc/dvips/lm/lm-mathsy.enc}{C:/Program Files/MiKT
eX 2.9/fonts/enc/dvips/lm/lm-mathit.enc}{C:/Program Files/MiKTeX 2.9/fonts/enc/
dvips/lm/lm-mathex.enc}{C:/Program Files/MiKTeX 2.9/fonts/enc/dvips/lm/lm-rmtt.
enc}{C:/Program Files/MiKTeX 2.9/fonts/enc/dvips/lm/lm-rmsc.enc}<C:/Program Fil
es/MiKTeX 2.9/fonts/type1/public/lm/lmbx10.pfb><C:/Program Files/MiKTeX 2.9/fon
ts/type1/public/lm/lmbx12.pfb><C:/Program Files/MiKTeX 2.9/fonts/type1/public/l
m/lmcsc10.pfb><C:/Program Files/MiKTeX 2.9/fonts/type1/public/lm/lmex10.pfb><C:
/Program Files/MiKTeX 2.9/fonts/type1/public/lm/lmmi10.pfb><C:/Program Files/Mi
KTeX 2.9/fonts/type1/public/lm/lmmi5.pfb><C:/Program Files/MiKTeX 2.9/fonts/typ
e1/public/lm/lmmi7.pfb><C:/Program Files/MiKTeX 2.9/fonts/type1/public/lm/lmr10
.pfb><C:/Program Files/MiKTeX 2.9/fonts/type1/public/lm/lmr12.pfb><C:/Program F
iles/MiKTeX 2.9/fonts/type1/public/lm/lmr17.pfb><C:/Program Files/MiKTeX 2.9/fo
nts/type1/public/lm/lmr5.pfb><C:/Program Files/MiKTeX 2.9/fonts/type1/public/lm
/lmr7.pfb><C:/Program Files/MiKTeX 2.9/fonts/type1/public/lm/lmri10.pfb><C:/Pro
gram Files/MiKTeX 2.9/fonts/type1/public/lm/lmri7.pfb><C:/Program Files/MiKTeX 
2.9/fonts/type1/public/lm/lmsy10.pfb><C:/Program Files/MiKTeX 2.9/fonts/type1/p
ublic/lm/lmsy7.pfb><C:/Program Files/MiKTeX 2.9/fonts/type1/public/lm/lmtt10.pf
b>
Output written on main.pdf (92 pages, 1540318 bytes).
PDF statistics:
 479 PDF objects out of 1000 (max. 8388607)
 0 named destinations out of 1000 (max. 500000)
 106 words of extra memory for PDF output out of 10000 (max. 10000000)

